[debug] [2017-10-21T08:26:30.598Z] ----------------------------------------------------------------------
[debug] [2017-10-21T08:26:30.600Z] Command:       /usr/local/bin/node /usr/local/bin/firebase deploy --only functions --debug
[debug] [2017-10-21T08:26:30.600Z] CLI Version:   3.13.1
[debug] [2017-10-21T08:26:30.601Z] Platform:      linux
[debug] [2017-10-21T08:26:30.601Z] Node Version:  v8.2.1
[debug] [2017-10-21T08:26:30.601Z] Time:          Sat Oct 21 2017 16:26:30 GMT+0800 (PHT)
[debug] [2017-10-21T08:26:30.601Z] ----------------------------------------------------------------------
[debug] 
[debug] [2017-10-21T08:26:30.608Z] > command requires scopes: ["email","openid","https://www.googleapis.com/auth/cloudplatformprojects.readonly","https://www.googleapis.com/auth/firebase","https://www.googleapis.com/auth/cloud-platform"]
[debug] [2017-10-21T08:26:30.608Z] > authorizing via signed-in user
[debug] [2017-10-21T08:26:30.610Z] >>> HTTP REQUEST GET https://admin.firebase.com/v1/projects/ebookwebappfirestore  
 Sat Oct 21 2017 16:26:30 GMT+0800 (PHT)
[debug] [2017-10-21T08:26:31.646Z] <<< HTTP RESPONSE 200
[debug] [2017-10-21T08:26:31.647Z] >>> HTTP REQUEST GET https://admin.firebase.com/v1/database/ebookwebappfirestore/tokens  
 Sat Oct 21 2017 16:26:31 GMT+0800 (PHT)
[debug] [2017-10-21T08:26:32.496Z] <<< HTTP RESPONSE 200
[info] 1
[info] 
[info] === Deploying to 'ebookwebappfirestore'...
[info] 
[info] i  deploying functions
[debug] [2017-10-21T08:26:34.560Z] > [functions] package.json contents: {
  "name": "functions",
  "description": "Cloud Functions for Firebase",
  "dependencies": {
    "firebase-admin": "^5.4.2",
    "firebase-functions": "^0.7.1",
    "nodemailer": "^4.1.0"
  },
  "private": true
}
[info] i  functions: ensuring necessary APIs are enabled...
[info] i  runtimeconfig: ensuring necessary APIs are enabled...
[debug] [2017-10-21T08:26:34.561Z] >>> HTTP REQUEST GET https://servicemanagement.googleapis.com/v1/services/cloudfunctions.googleapis.com/projectSettings/ebookwebappfirestore?view=CONSUMER_VIEW  
 Sat Oct 21 2017 16:26:34 GMT+0800 (PHT)
[debug] [2017-10-21T08:26:34.561Z] >>> HTTP REQUEST GET https://servicemanagement.googleapis.com/v1/services/runtimeconfig.googleapis.com/projectSettings/ebookwebappfirestore?view=CONSUMER_VIEW  
 Sat Oct 21 2017 16:26:34 GMT+0800 (PHT)
[debug] [2017-10-21T08:26:36.171Z] <<< HTTP RESPONSE 200
[info] ✔  runtimeconfig: all necessary APIs are enabled
[debug] [2017-10-21T08:26:36.289Z] <<< HTTP RESPONSE 200
[info] ✔  functions: all necessary APIs are enabled
[debug] [2017-10-21T08:26:36.291Z] >>> HTTP REQUEST GET https://appengine.googleapis.com/v1/apps/ebookwebappfirestore  
 Sat Oct 21 2017 16:26:36 GMT+0800 (PHT)
[debug] [2017-10-21T08:26:36.292Z] >>> HTTP REQUEST GET https://apikeys.googleapis.com/v1/projects/ebookwebappfirestore/apiKeys  
 Sat Oct 21 2017 16:26:36 GMT+0800 (PHT)
[debug] [2017-10-21T08:26:37.682Z] <<< HTTP RESPONSE 200
[debug] [2017-10-21T08:26:38.077Z] <<< HTTP RESPONSE 200
[info] i  functions: preparing functions directory for uploading...
[debug] [2017-10-21T08:26:38.751Z] >>> HTTP REQUEST GET https://runtimeconfig.googleapis.com/v1beta1/projects/ebookwebappfirestore/configs  
 Sat Oct 21 2017 16:26:38 GMT+0800 (PHT)
[debug] [2017-10-21T08:26:40.243Z] <<< HTTP RESPONSE 200
[debug] [2017-10-21T08:26:40.245Z] >>> HTTP REQUEST GET https://runtimeconfig.googleapis.com/v1beta1/projects/ebookwebappfirestore/configs/gmail/variables  
 Sat Oct 21 2017 16:26:40 GMT+0800 (PHT)
[debug] [2017-10-21T08:26:40.719Z] <<< HTTP RESPONSE 200
[debug] [2017-10-21T08:26:40.721Z] >>> HTTP REQUEST GET https://runtimeconfig.googleapis.com/v1beta1/projects/ebookwebappfirestore/configs/gmail/variables/password  
 Sat Oct 21 2017 16:26:40 GMT+0800 (PHT)
[debug] [2017-10-21T08:26:40.722Z] >>> HTTP REQUEST GET https://runtimeconfig.googleapis.com/v1beta1/projects/ebookwebappfirestore/configs/gmail/variables/email  
 Sat Oct 21 2017 16:26:40 GMT+0800 (PHT)
[debug] [2017-10-21T08:26:41.192Z] <<< HTTP RESPONSE 200
[debug] [2017-10-21T08:26:42.063Z] <<< HTTP RESPONSE 200
[error] 
[error] Error: Error parsing triggers: Cannot find module 'firebase-functions/lib/providers/datastore'

Try running "npm install" in your functions directory before deploying.
[debug] [2017-10-21T08:27:29.111Z] ----------------------------------------------------------------------
[debug] [2017-10-21T08:27:29.115Z] Command:       /usr/local/bin/node /usr/local/bin/firebase deploy --only functions --debug
[debug] [2017-10-21T08:27:29.115Z] CLI Version:   3.13.1
[debug] [2017-10-21T08:27:29.115Z] Platform:      linux
[debug] [2017-10-21T08:27:29.115Z] Node Version:  v8.2.1
[debug] [2017-10-21T08:27:29.115Z] Time:          Sat Oct 21 2017 16:27:29 GMT+0800 (PHT)
[debug] [2017-10-21T08:27:29.115Z] ----------------------------------------------------------------------
[debug] 
[debug] [2017-10-21T08:27:29.126Z] > command requires scopes: ["email","openid","https://www.googleapis.com/auth/cloudplatformprojects.readonly","https://www.googleapis.com/auth/firebase","https://www.googleapis.com/auth/cloud-platform"]
[debug] [2017-10-21T08:27:29.126Z] > authorizing via signed-in user
[debug] [2017-10-21T08:27:29.128Z] >>> HTTP REQUEST GET https://admin.firebase.com/v1/projects/ebookwebappfirestore  
 Sat Oct 21 2017 16:27:29 GMT+0800 (PHT)
[debug] [2017-10-21T08:27:30.385Z] <<< HTTP RESPONSE 200
[debug] [2017-10-21T08:27:30.385Z] >>> HTTP REQUEST GET https://admin.firebase.com/v1/database/ebookwebappfirestore/tokens  
 Sat Oct 21 2017 16:27:30 GMT+0800 (PHT)
[debug] [2017-10-21T08:27:31.245Z] <<< HTTP RESPONSE 200
[info] 1
[info] 
[info] === Deploying to 'ebookwebappfirestore'...
[info] 
[info] i  deploying functions
[debug] [2017-10-21T08:27:33.532Z] > [functions] package.json contents: {
  "name": "functions",
  "description": "Cloud Functions for Firebase",
  "dependencies": {
    "firebase-admin": "^5.4.2",
    "firebase-functions": "^0.7.1",
    "nodemailer": "^4.1.0"
  },
  "private": true
}
[info] i  functions: ensuring necessary APIs are enabled...
[info] i  runtimeconfig: ensuring necessary APIs are enabled...
[debug] [2017-10-21T08:27:33.535Z] >>> HTTP REQUEST GET https://servicemanagement.googleapis.com/v1/services/cloudfunctions.googleapis.com/projectSettings/ebookwebappfirestore?view=CONSUMER_VIEW  
 Sat Oct 21 2017 16:27:33 GMT+0800 (PHT)
[debug] [2017-10-21T08:27:33.536Z] >>> HTTP REQUEST GET https://servicemanagement.googleapis.com/v1/services/runtimeconfig.googleapis.com/projectSettings/ebookwebappfirestore?view=CONSUMER_VIEW  
 Sat Oct 21 2017 16:27:33 GMT+0800 (PHT)
[debug] [2017-10-21T08:27:35.143Z] <<< HTTP RESPONSE 200
[info] ✔  runtimeconfig: all necessary APIs are enabled
[debug] [2017-10-21T08:27:35.200Z] <<< HTTP RESPONSE 200
[info] ✔  functions: all necessary APIs are enabled
[debug] [2017-10-21T08:27:35.201Z] >>> HTTP REQUEST GET https://appengine.googleapis.com/v1/apps/ebookwebappfirestore  
 Sat Oct 21 2017 16:27:35 GMT+0800 (PHT)
[debug] [2017-10-21T08:27:35.202Z] >>> HTTP REQUEST GET https://apikeys.googleapis.com/v1/projects/ebookwebappfirestore/apiKeys  
 Sat Oct 21 2017 16:27:35 GMT+0800 (PHT)
[debug] [2017-10-21T08:27:36.676Z] <<< HTTP RESPONSE 200
[debug] [2017-10-21T08:27:36.733Z] <<< HTTP RESPONSE 200
[info] i  functions: preparing functions directory for uploading...
[debug] [2017-10-21T08:27:37.403Z] >>> HTTP REQUEST GET https://runtimeconfig.googleapis.com/v1beta1/projects/ebookwebappfirestore/configs  
 Sat Oct 21 2017 16:27:37 GMT+0800 (PHT)
[debug] [2017-10-21T08:27:38.100Z] <<< HTTP RESPONSE 200
[debug] [2017-10-21T08:27:38.102Z] >>> HTTP REQUEST GET https://runtimeconfig.googleapis.com/v1beta1/projects/ebookwebappfirestore/configs/gmail/variables  
 Sat Oct 21 2017 16:27:38 GMT+0800 (PHT)
[debug] [2017-10-21T08:27:39.313Z] <<< HTTP RESPONSE 200
[debug] [2017-10-21T08:27:39.314Z] >>> HTTP REQUEST GET https://runtimeconfig.googleapis.com/v1beta1/projects/ebookwebappfirestore/configs/gmail/variables/email  
 Sat Oct 21 2017 16:27:39 GMT+0800 (PHT)
[debug] [2017-10-21T08:27:39.314Z] >>> HTTP REQUEST GET https://runtimeconfig.googleapis.com/v1beta1/projects/ebookwebappfirestore/configs/gmail/variables/password  
 Sat Oct 21 2017 16:27:39 GMT+0800 (PHT)
[debug] [2017-10-21T08:27:39.758Z] <<< HTTP RESPONSE 200
[debug] [2017-10-21T08:27:39.770Z] <<< HTTP RESPONSE 200
[error] 
[error] Error: Error parsing triggers: Cannot find module 'firebase-firestore'

Try running "npm install" in your functions directory before deploying.
[debug] [2017-10-21T08:28:11.664Z] ----------------------------------------------------------------------
[debug] [2017-10-21T08:28:11.667Z] Command:       /usr/local/bin/node /usr/local/bin/firebase deploy --only functions --debug
[debug] [2017-10-21T08:28:11.667Z] CLI Version:   3.13.1
[debug] [2017-10-21T08:28:11.668Z] Platform:      linux
[debug] [2017-10-21T08:28:11.668Z] Node Version:  v8.2.1
[debug] [2017-10-21T08:28:11.668Z] Time:          Sat Oct 21 2017 16:28:11 GMT+0800 (PHT)
[debug] [2017-10-21T08:28:11.668Z] ----------------------------------------------------------------------
[debug] 
[debug] [2017-10-21T08:28:11.676Z] > command requires scopes: ["email","openid","https://www.googleapis.com/auth/cloudplatformprojects.readonly","https://www.googleapis.com/auth/firebase","https://www.googleapis.com/auth/cloud-platform"]
[debug] [2017-10-21T08:28:11.676Z] > authorizing via signed-in user
[debug] [2017-10-21T08:28:11.677Z] >>> HTTP REQUEST GET https://admin.firebase.com/v1/projects/ebookwebappfirestore  
 Sat Oct 21 2017 16:28:11 GMT+0800 (PHT)
[debug] [2017-10-21T08:28:12.754Z] <<< HTTP RESPONSE 200
[debug] [2017-10-21T08:28:12.756Z] >>> HTTP REQUEST GET https://admin.firebase.com/v1/database/ebookwebappfirestore/tokens  
 Sat Oct 21 2017 16:28:12 GMT+0800 (PHT)
[debug] [2017-10-21T08:28:13.647Z] <<< HTTP RESPONSE 200
[info] 1
[info] 
[info] === Deploying to 'ebookwebappfirestore'...
[info] 
[info] i  deploying functions
[debug] [2017-10-21T08:28:15.821Z] > [functions] package.json contents: {
  "name": "functions",
  "description": "Cloud Functions for Firebase",
  "dependencies": {
    "firebase-admin": "^5.4.2",
    "firebase-functions": "^0.7.1",
    "nodemailer": "^4.1.0"
  },
  "private": true
}
[info] i  functions: ensuring necessary APIs are enabled...
[info] i  runtimeconfig: ensuring necessary APIs are enabled...
[debug] [2017-10-21T08:28:15.824Z] >>> HTTP REQUEST GET https://servicemanagement.googleapis.com/v1/services/cloudfunctions.googleapis.com/projectSettings/ebookwebappfirestore?view=CONSUMER_VIEW  
 Sat Oct 21 2017 16:28:15 GMT+0800 (PHT)
[debug] [2017-10-21T08:28:15.825Z] >>> HTTP REQUEST GET https://servicemanagement.googleapis.com/v1/services/runtimeconfig.googleapis.com/projectSettings/ebookwebappfirestore?view=CONSUMER_VIEW  
 Sat Oct 21 2017 16:28:15 GMT+0800 (PHT)
[debug] [2017-10-21T08:28:17.432Z] <<< HTTP RESPONSE 200
[info] ✔  runtimeconfig: all necessary APIs are enabled
[debug] [2017-10-21T08:28:17.501Z] <<< HTTP RESPONSE 200
[info] ✔  functions: all necessary APIs are enabled
[debug] [2017-10-21T08:28:17.503Z] >>> HTTP REQUEST GET https://appengine.googleapis.com/v1/apps/ebookwebappfirestore  
 Sat Oct 21 2017 16:28:17 GMT+0800 (PHT)
[debug] [2017-10-21T08:28:17.504Z] >>> HTTP REQUEST GET https://apikeys.googleapis.com/v1/projects/ebookwebappfirestore/apiKeys  
 Sat Oct 21 2017 16:28:17 GMT+0800 (PHT)
[debug] [2017-10-21T08:28:18.906Z] <<< HTTP RESPONSE 200
[debug] [2017-10-21T08:28:18.975Z] <<< HTTP RESPONSE 200
[info] i  functions: preparing functions directory for uploading...
[debug] [2017-10-21T08:28:19.645Z] >>> HTTP REQUEST GET https://runtimeconfig.googleapis.com/v1beta1/projects/ebookwebappfirestore/configs  
 Sat Oct 21 2017 16:28:19 GMT+0800 (PHT)
[debug] [2017-10-21T08:28:20.316Z] <<< HTTP RESPONSE 200
[debug] [2017-10-21T08:28:20.317Z] >>> HTTP REQUEST GET https://runtimeconfig.googleapis.com/v1beta1/projects/ebookwebappfirestore/configs/gmail/variables  
 Sat Oct 21 2017 16:28:20 GMT+0800 (PHT)
[debug] [2017-10-21T08:28:20.755Z] <<< HTTP RESPONSE 200
[debug] [2017-10-21T08:28:20.757Z] >>> HTTP REQUEST GET https://runtimeconfig.googleapis.com/v1beta1/projects/ebookwebappfirestore/configs/gmail/variables/email  
 Sat Oct 21 2017 16:28:20 GMT+0800 (PHT)
[debug] [2017-10-21T08:28:20.758Z] >>> HTTP REQUEST GET https://runtimeconfig.googleapis.com/v1beta1/projects/ebookwebappfirestore/configs/gmail/variables/password  
 Sat Oct 21 2017 16:28:20 GMT+0800 (PHT)
[debug] [2017-10-21T08:28:21.250Z] <<< HTTP RESPONSE 200
[debug] [2017-10-21T08:28:22.196Z] <<< HTTP RESPONSE 200
[error] 
[error] Error: Error parsing triggers: Cannot find module 'firebase-firestore'

Try running "npm install" in your functions directory before deploying.
[debug] [2017-10-21T08:30:24.150Z] ----------------------------------------------------------------------
[debug] [2017-10-21T08:30:24.153Z] Command:       /usr/local/bin/node /usr/local/bin/firebase deploy --only functions --debug
[debug] [2017-10-21T08:30:24.153Z] CLI Version:   3.13.1
[debug] [2017-10-21T08:30:24.153Z] Platform:      linux
[debug] [2017-10-21T08:30:24.153Z] Node Version:  v8.2.1
[debug] [2017-10-21T08:30:24.153Z] Time:          Sat Oct 21 2017 16:30:24 GMT+0800 (PHT)
[debug] [2017-10-21T08:30:24.153Z] ----------------------------------------------------------------------
[debug] 
[debug] [2017-10-21T08:30:24.161Z] > command requires scopes: ["email","openid","https://www.googleapis.com/auth/cloudplatformprojects.readonly","https://www.googleapis.com/auth/firebase","https://www.googleapis.com/auth/cloud-platform"]
[debug] [2017-10-21T08:30:24.162Z] > authorizing via signed-in user
[debug] [2017-10-21T08:30:24.163Z] >>> HTTP REQUEST GET https://admin.firebase.com/v1/projects/ebookwebappfirestore  
 Sat Oct 21 2017 16:30:24 GMT+0800 (PHT)
[debug] [2017-10-21T08:30:25.333Z] <<< HTTP RESPONSE 200
[debug] [2017-10-21T08:30:25.334Z] >>> HTTP REQUEST GET https://admin.firebase.com/v1/database/ebookwebappfirestore/tokens  
 Sat Oct 21 2017 16:30:25 GMT+0800 (PHT)
[debug] [2017-10-21T08:30:26.221Z] <<< HTTP RESPONSE 200
[info] 1
[info] 
[info] === Deploying to 'ebookwebappfirestore'...
[info] 
[info] i  deploying functions
[debug] [2017-10-21T08:30:28.413Z] > [functions] package.json contents: {
  "name": "functions",
  "description": "Cloud Functions for Firebase",
  "dependencies": {
    "firebase-admin": "^5.4.2",
    "firebase-functions": "^0.7.1",
    "nodemailer": "^4.1.0"
  },
  "private": true
}
[info] i  functions: ensuring necessary APIs are enabled...
[info] i  runtimeconfig: ensuring necessary APIs are enabled...
[debug] [2017-10-21T08:30:28.416Z] >>> HTTP REQUEST GET https://servicemanagement.googleapis.com/v1/services/cloudfunctions.googleapis.com/projectSettings/ebookwebappfirestore?view=CONSUMER_VIEW  
 Sat Oct 21 2017 16:30:28 GMT+0800 (PHT)
[debug] [2017-10-21T08:30:28.416Z] >>> HTTP REQUEST GET https://servicemanagement.googleapis.com/v1/services/runtimeconfig.googleapis.com/projectSettings/ebookwebappfirestore?view=CONSUMER_VIEW  
 Sat Oct 21 2017 16:30:28 GMT+0800 (PHT)
[debug] [2017-10-21T08:30:30.045Z] <<< HTTP RESPONSE 200
[info] ✔  runtimeconfig: all necessary APIs are enabled
[debug] [2017-10-21T08:30:30.090Z] <<< HTTP RESPONSE 200
[info] ✔  functions: all necessary APIs are enabled
[debug] [2017-10-21T08:30:30.093Z] >>> HTTP REQUEST GET https://appengine.googleapis.com/v1/apps/ebookwebappfirestore  
 Sat Oct 21 2017 16:30:30 GMT+0800 (PHT)
[debug] [2017-10-21T08:30:30.094Z] >>> HTTP REQUEST GET https://apikeys.googleapis.com/v1/projects/ebookwebappfirestore/apiKeys  
 Sat Oct 21 2017 16:30:30 GMT+0800 (PHT)
[debug] [2017-10-21T08:30:31.510Z] <<< HTTP RESPONSE 200
[debug] [2017-10-21T08:30:31.671Z] <<< HTTP RESPONSE 200
[info] i  functions: preparing functions directory for uploading...
[debug] [2017-10-21T08:30:32.349Z] >>> HTTP REQUEST GET https://runtimeconfig.googleapis.com/v1beta1/projects/ebookwebappfirestore/configs  
 Sat Oct 21 2017 16:30:32 GMT+0800 (PHT)
[debug] [2017-10-21T08:30:33.029Z] <<< HTTP RESPONSE 200
[debug] [2017-10-21T08:30:33.031Z] >>> HTTP REQUEST GET https://runtimeconfig.googleapis.com/v1beta1/projects/ebookwebappfirestore/configs/gmail/variables  
 Sat Oct 21 2017 16:30:33 GMT+0800 (PHT)
[debug] [2017-10-21T08:30:33.513Z] <<< HTTP RESPONSE 200
[debug] [2017-10-21T08:30:33.516Z] >>> HTTP REQUEST GET https://runtimeconfig.googleapis.com/v1beta1/projects/ebookwebappfirestore/configs/gmail/variables/email  
 Sat Oct 21 2017 16:30:33 GMT+0800 (PHT)
[debug] [2017-10-21T08:30:33.517Z] >>> HTTP REQUEST GET https://runtimeconfig.googleapis.com/v1beta1/projects/ebookwebappfirestore/configs/gmail/variables/password  
 Sat Oct 21 2017 16:30:33 GMT+0800 (PHT)
[debug] [2017-10-21T08:30:33.995Z] <<< HTTP RESPONSE 200
[debug] [2017-10-21T08:30:34.827Z] <<< HTTP RESPONSE 200
[info] i  functions: packaged functions (27.33 KB) for uploading
[debug] [2017-10-21T08:30:36.050Z] >>> HTTP REQUEST GET https://www.googleapis.com/storage/v1/b/staging.ebookwebappfirestore.appspot.com  
 Sat Oct 21 2017 16:30:36 GMT+0800 (PHT)
[debug] [2017-10-21T08:30:37.003Z] <<< HTTP RESPONSE 200
[debug] [2017-10-21T08:30:37.005Z] >>> HTTP REQUEST POST https://www.googleapis.com/upload/storage/v1/b/staging.ebookwebappfirestore.appspot.com/o?uploadType=media&name=firebase-functions-source ReadStream {
  _readableState: 
   ReadableState {
     objectMode: false,
     highWaterMark: 65536,
     buffer: BufferList { head: [Object], tail: [Object], length: 1 },
     length: 27981,
     pipes: null,
     pipesCount: 0,
     flowing: null,
     ended: true,
     endEmitted: false,
     reading: false,
     sync: false,
     needReadable: false,
     emittedReadable: true,
     readableListening: false,
     resumeScheduled: false,
     destroyed: false,
     defaultEncoding: 'utf8',
     awaitDrain: 0,
     readingMore: false,
     decoder: null,
     encoding: null },
  readable: true,
  domain: null,
  _events: { end: [Function] },
  _eventsCount: 1,
  _maxListeners: undefined,
  path: '/tmp/firebase-functions-28189ou8nud0S1lID.zip',
  fd: 15,
  flags: 'r',
  mode: 438,
  start: undefined,
  end: undefined,
  autoClose: true,
  pos: undefined,
  bytesRead: 27981 } 
 Sat Oct 21 2017 16:30:37 GMT+0800 (PHT)
[debug] [2017-10-21T08:30:37.658Z] <<< HTTP RESPONSE 200
[info] ✔  functions: functions folder uploaded successfully
[info] i  starting release process (may take several minutes)...
[debug] [2017-10-21T08:30:37.665Z] >>> HTTP REQUEST GET https://cloudfunctions.googleapis.com/v1beta2/projects/ebookwebappfirestore/locations/us-central1/functions  
 Sat Oct 21 2017 16:30:37 GMT+0800 (PHT)
[debug] [2017-10-21T08:30:38.421Z] <<< HTTP RESPONSE 200
[info] i  functions: updating function createFirestoreAuthor...
[debug] [2017-10-21T08:30:38.428Z] Trigger is: 
[info] i  functions: updating function createRTDBAuthor...
[debug] [2017-10-21T08:30:38.430Z] Trigger is: 
[debug] [2017-10-21T08:30:38.431Z] >>> HTTP REQUEST PUT https://cloudfunctions.googleapis.com/v1beta2/projects/ebookwebappfirestore/locations/us-central1/functions/createFirestoreAuthor { sourceArchiveUrl: 'gs://staging.ebookwebappfirestore.appspot.com/firebase-functions-source',
  name: 'projects/ebookwebappfirestore/locations/us-central1/functions/createFirestoreAuthor',
  entryPoint: 'createFirestoreAuthor',
  timeout: '60s',
  availableMemoryMb: 256,
  eventTrigger: 
   { resource: 'projects/ebookwebappfirestore/databases/(default)/documents/authors/{authorId}',
     eventType: 'providers/cloud.firestore/eventTypes/document.write' } } 
 Sat Oct 21 2017 16:30:38 GMT+0800 (PHT)
[debug] [2017-10-21T08:30:38.433Z] >>> HTTP REQUEST PUT https://cloudfunctions.googleapis.com/v1beta2/projects/ebookwebappfirestore/locations/us-central1/functions/createRTDBAuthor { sourceArchiveUrl: 'gs://staging.ebookwebappfirestore.appspot.com/firebase-functions-source',
  name: 'projects/ebookwebappfirestore/locations/us-central1/functions/createRTDBAuthor',
  entryPoint: 'createRTDBAuthor',
  timeout: '60s',
  availableMemoryMb: 256,
  eventTrigger: 
   { resource: 'projects/_/instances/ebookwebappfirestore/refs/authors/{authorId}',
     eventType: 'providers/google.firebase.database/eventTypes/ref.write' } } 
 Sat Oct 21 2017 16:30:38 GMT+0800 (PHT)
[debug] [2017-10-21T08:30:38.961Z] <<< HTTP RESPONSE 200
[debug] [2017-10-21T08:30:38.963Z] <<< HTTP RESPONSE 200
[debug] [2017-10-21T08:30:38.965Z] >>> HTTP REQUEST GET https://cloudfunctions.googleapis.com/v1beta2/projects/ebookwebappfirestore/locations/us-central1/functions  
 Sat Oct 21 2017 16:30:38 GMT+0800 (PHT)
[debug] [2017-10-21T08:30:38.965Z] >>> HTTP REQUEST GET https://cloudfunctions.googleapis.com/v1beta2/operations/ZWJvb2t3ZWJhcHBmaXJlc3RvcmUvdXMtY2VudHJhbDEvY3JlYXRlRmlyZXN0b3JlQXV0aG9yL3lUNktUb3FJLWVr  
 Sat Oct 21 2017 16:30:38 GMT+0800 (PHT)
[debug] [2017-10-21T08:30:38.967Z] >>> HTTP REQUEST GET https://cloudfunctions.googleapis.com/v1beta2/operations/ZWJvb2t3ZWJhcHBmaXJlc3RvcmUvdXMtY2VudHJhbDEvY3JlYXRlUlREQkF1dGhvci9ZcDA5bFFxbGNXbw  
 Sat Oct 21 2017 16:30:38 GMT+0800 (PHT)
[debug] [2017-10-21T08:30:39.429Z] <<< HTTP RESPONSE 200
[debug] [2017-10-21T08:30:39.438Z] <<< HTTP RESPONSE 200
[debug] [2017-10-21T08:30:39.440Z] [functions] operation poll: createFirestoreAuthor: update operations/ZWJvb2t3ZWJhcHBmaXJlc3RvcmUvdXMtY2VudHJhbDEvY3JlYXRlRmlyZXN0b3JlQXV0aG9yL3lUNktUb3FJLWVr is not done.
[debug] [2017-10-21T08:30:39.440Z] [functions] operation poll: createRTDBAuthor: update operations/ZWJvb2t3ZWJhcHBmaXJlc3RvcmUvdXMtY2VudHJhbDEvY3JlYXRlUlREQkF1dGhvci9ZcDA5bFFxbGNXbw is not done.
[debug] [2017-10-21T08:30:39.640Z] <<< HTTP RESPONSE 200
[debug] [2017-10-21T08:30:44.446Z] >>> HTTP REQUEST GET https://cloudfunctions.googleapis.com/v1beta2/operations/ZWJvb2t3ZWJhcHBmaXJlc3RvcmUvdXMtY2VudHJhbDEvY3JlYXRlRmlyZXN0b3JlQXV0aG9yL3lUNktUb3FJLWVr  
 Sat Oct 21 2017 16:30:44 GMT+0800 (PHT)
[debug] [2017-10-21T08:30:44.447Z] >>> HTTP REQUEST GET https://cloudfunctions.googleapis.com/v1beta2/operations/ZWJvb2t3ZWJhcHBmaXJlc3RvcmUvdXMtY2VudHJhbDEvY3JlYXRlUlREQkF1dGhvci9ZcDA5bFFxbGNXbw  
 Sat Oct 21 2017 16:30:44 GMT+0800 (PHT)
[debug] [2017-10-21T08:30:44.929Z] <<< HTTP RESPONSE 200
[debug] [2017-10-21T08:30:44.948Z] <<< HTTP RESPONSE 200
[debug] [2017-10-21T08:30:44.948Z] [functions] operation poll: createFirestoreAuthor: update operations/ZWJvb2t3ZWJhcHBmaXJlc3RvcmUvdXMtY2VudHJhbDEvY3JlYXRlRmlyZXN0b3JlQXV0aG9yL3lUNktUb3FJLWVr is not done.
[debug] [2017-10-21T08:30:44.948Z] [functions] operation poll: createRTDBAuthor: update operations/ZWJvb2t3ZWJhcHBmaXJlc3RvcmUvdXMtY2VudHJhbDEvY3JlYXRlUlREQkF1dGhvci9ZcDA5bFFxbGNXbw is not done.
[debug] [2017-10-21T08:30:49.953Z] >>> HTTP REQUEST GET https://cloudfunctions.googleapis.com/v1beta2/operations/ZWJvb2t3ZWJhcHBmaXJlc3RvcmUvdXMtY2VudHJhbDEvY3JlYXRlRmlyZXN0b3JlQXV0aG9yL3lUNktUb3FJLWVr  
 Sat Oct 21 2017 16:30:49 GMT+0800 (PHT)
[debug] [2017-10-21T08:30:49.954Z] >>> HTTP REQUEST GET https://cloudfunctions.googleapis.com/v1beta2/operations/ZWJvb2t3ZWJhcHBmaXJlc3RvcmUvdXMtY2VudHJhbDEvY3JlYXRlUlREQkF1dGhvci9ZcDA5bFFxbGNXbw  
 Sat Oct 21 2017 16:30:49 GMT+0800 (PHT)
[debug] [2017-10-21T08:30:50.407Z] <<< HTTP RESPONSE 200
[debug] [2017-10-21T08:30:50.409Z] <<< HTTP RESPONSE 200
[debug] [2017-10-21T08:30:50.410Z] [functions] operation poll: createFirestoreAuthor: update operations/ZWJvb2t3ZWJhcHBmaXJlc3RvcmUvdXMtY2VudHJhbDEvY3JlYXRlRmlyZXN0b3JlQXV0aG9yL3lUNktUb3FJLWVr is not done.
[debug] [2017-10-21T08:30:50.410Z] [functions] operation poll: createRTDBAuthor: update operations/ZWJvb2t3ZWJhcHBmaXJlc3RvcmUvdXMtY2VudHJhbDEvY3JlYXRlUlREQkF1dGhvci9ZcDA5bFFxbGNXbw is not done.
[debug] [2017-10-21T08:30:55.412Z] >>> HTTP REQUEST GET https://cloudfunctions.googleapis.com/v1beta2/operations/ZWJvb2t3ZWJhcHBmaXJlc3RvcmUvdXMtY2VudHJhbDEvY3JlYXRlRmlyZXN0b3JlQXV0aG9yL3lUNktUb3FJLWVr  
 Sat Oct 21 2017 16:30:55 GMT+0800 (PHT)
[debug] [2017-10-21T08:30:55.413Z] >>> HTTP REQUEST GET https://cloudfunctions.googleapis.com/v1beta2/operations/ZWJvb2t3ZWJhcHBmaXJlc3RvcmUvdXMtY2VudHJhbDEvY3JlYXRlUlREQkF1dGhvci9ZcDA5bFFxbGNXbw  
 Sat Oct 21 2017 16:30:55 GMT+0800 (PHT)
[debug] [2017-10-21T08:30:55.875Z] <<< HTTP RESPONSE 200
[debug] [2017-10-21T08:30:55.887Z] <<< HTTP RESPONSE 200
[debug] [2017-10-21T08:30:55.888Z] [functions] operation poll: createFirestoreAuthor: update operations/ZWJvb2t3ZWJhcHBmaXJlc3RvcmUvdXMtY2VudHJhbDEvY3JlYXRlRmlyZXN0b3JlQXV0aG9yL3lUNktUb3FJLWVr is not done.
[debug] [2017-10-21T08:30:55.888Z] [functions] operation poll: createRTDBAuthor: update operations/ZWJvb2t3ZWJhcHBmaXJlc3RvcmUvdXMtY2VudHJhbDEvY3JlYXRlUlREQkF1dGhvci9ZcDA5bFFxbGNXbw is not done.
[debug] [2017-10-21T08:31:00.890Z] >>> HTTP REQUEST GET https://cloudfunctions.googleapis.com/v1beta2/operations/ZWJvb2t3ZWJhcHBmaXJlc3RvcmUvdXMtY2VudHJhbDEvY3JlYXRlRmlyZXN0b3JlQXV0aG9yL3lUNktUb3FJLWVr  
 Sat Oct 21 2017 16:31:00 GMT+0800 (PHT)
[debug] [2017-10-21T08:31:00.891Z] >>> HTTP REQUEST GET https://cloudfunctions.googleapis.com/v1beta2/operations/ZWJvb2t3ZWJhcHBmaXJlc3RvcmUvdXMtY2VudHJhbDEvY3JlYXRlUlREQkF1dGhvci9ZcDA5bFFxbGNXbw  
 Sat Oct 21 2017 16:31:00 GMT+0800 (PHT)
[debug] [2017-10-21T08:31:01.374Z] <<< HTTP RESPONSE 200
[debug] [2017-10-21T08:31:01.385Z] <<< HTTP RESPONSE 200
[debug] [2017-10-21T08:31:01.388Z] [functions] operation poll: createFirestoreAuthor: update operations/ZWJvb2t3ZWJhcHBmaXJlc3RvcmUvdXMtY2VudHJhbDEvY3JlYXRlRmlyZXN0b3JlQXV0aG9yL3lUNktUb3FJLWVr is done.
[debug] [2017-10-21T08:31:01.388Z] [functions] operation poll: createRTDBAuthor: update operations/ZWJvb2t3ZWJhcHBmaXJlc3RvcmUvdXMtY2VudHJhbDEvY3JlYXRlUlREQkF1dGhvci9ZcDA5bFFxbGNXbw is done.
[info] ✔  functions[createFirestoreAuthor]: Successful update operation. 
[info] ✔  functions[createRTDBAuthor]: Successful update operation. 
[info] ✔  functions: all functions deployed successfully!
[info] 
[info] ✔  Deploy complete!
[info] 
[info] Project Console: https://console.firebase.google.com/project/ebookwebappfirestore/overview
[debug] [2017-10-21T08:37:52.816Z] ----------------------------------------------------------------------
[debug] [2017-10-21T08:37:52.819Z] Command:       /usr/local/bin/node /usr/local/bin/firebase deploy --only functions --debug
[debug] [2017-10-21T08:37:52.819Z] CLI Version:   3.13.1
[debug] [2017-10-21T08:37:52.819Z] Platform:      linux
[debug] [2017-10-21T08:37:52.819Z] Node Version:  v8.2.1
[debug] [2017-10-21T08:37:52.819Z] Time:          Sat Oct 21 2017 16:37:52 GMT+0800 (PHT)
[debug] [2017-10-21T08:37:52.819Z] ----------------------------------------------------------------------
[debug] 
[debug] [2017-10-21T08:37:52.827Z] > command requires scopes: ["email","openid","https://www.googleapis.com/auth/cloudplatformprojects.readonly","https://www.googleapis.com/auth/firebase","https://www.googleapis.com/auth/cloud-platform"]
[debug] [2017-10-21T08:37:52.827Z] > authorizing via signed-in user
[debug] [2017-10-21T08:37:52.829Z] >>> HTTP REQUEST GET https://admin.firebase.com/v1/projects/ebookwebappfirestore  
 Sat Oct 21 2017 16:37:52 GMT+0800 (PHT)
[debug] [2017-10-21T08:37:54.050Z] <<< HTTP RESPONSE 200
[debug] [2017-10-21T08:37:54.051Z] >>> HTTP REQUEST GET https://admin.firebase.com/v1/database/ebookwebappfirestore/tokens  
 Sat Oct 21 2017 16:37:54 GMT+0800 (PHT)
[debug] [2017-10-21T08:37:54.960Z] <<< HTTP RESPONSE 200
[info] 1
[info] 
[info] === Deploying to 'ebookwebappfirestore'...
[info] 
[info] i  deploying functions
[debug] [2017-10-21T08:37:57.487Z] > [functions] package.json contents: {
  "name": "functions",
  "description": "Cloud Functions for Firebase",
  "dependencies": {
    "firebase-admin": "^5.4.2",
    "firebase-functions": "^0.7.1",
    "nodemailer": "^4.1.0"
  },
  "private": true
}
[info] i  functions: ensuring necessary APIs are enabled...
[info] i  runtimeconfig: ensuring necessary APIs are enabled...
[debug] [2017-10-21T08:37:57.490Z] >>> HTTP REQUEST GET https://servicemanagement.googleapis.com/v1/services/cloudfunctions.googleapis.com/projectSettings/ebookwebappfirestore?view=CONSUMER_VIEW  
 Sat Oct 21 2017 16:37:57 GMT+0800 (PHT)
[debug] [2017-10-21T08:37:57.491Z] >>> HTTP REQUEST GET https://servicemanagement.googleapis.com/v1/services/runtimeconfig.googleapis.com/projectSettings/ebookwebappfirestore?view=CONSUMER_VIEW  
 Sat Oct 21 2017 16:37:57 GMT+0800 (PHT)
[debug] [2017-10-21T08:37:59.470Z] <<< HTTP RESPONSE 200
[info] ✔  runtimeconfig: all necessary APIs are enabled
[debug] [2017-10-21T08:37:59.992Z] <<< HTTP RESPONSE 200
[info] ✔  functions: all necessary APIs are enabled
[debug] [2017-10-21T08:37:59.994Z] >>> HTTP REQUEST GET https://appengine.googleapis.com/v1/apps/ebookwebappfirestore  
 Sat Oct 21 2017 16:37:59 GMT+0800 (PHT)
[debug] [2017-10-21T08:37:59.995Z] >>> HTTP REQUEST GET https://apikeys.googleapis.com/v1/projects/ebookwebappfirestore/apiKeys  
 Sat Oct 21 2017 16:37:59 GMT+0800 (PHT)
[debug] [2017-10-21T08:38:01.437Z] <<< HTTP RESPONSE 200
[debug] [2017-10-21T08:38:01.523Z] <<< HTTP RESPONSE 200
[info] i  functions: preparing functions directory for uploading...
[debug] [2017-10-21T08:38:02.215Z] >>> HTTP REQUEST GET https://runtimeconfig.googleapis.com/v1beta1/projects/ebookwebappfirestore/configs  
 Sat Oct 21 2017 16:38:02 GMT+0800 (PHT)
[debug] [2017-10-21T08:38:02.872Z] <<< HTTP RESPONSE 200
[debug] [2017-10-21T08:38:02.874Z] >>> HTTP REQUEST GET https://runtimeconfig.googleapis.com/v1beta1/projects/ebookwebappfirestore/configs/gmail/variables  
 Sat Oct 21 2017 16:38:02 GMT+0800 (PHT)
[debug] [2017-10-21T08:38:03.366Z] <<< HTTP RESPONSE 200
[debug] [2017-10-21T08:38:03.368Z] >>> HTTP REQUEST GET https://runtimeconfig.googleapis.com/v1beta1/projects/ebookwebappfirestore/configs/gmail/variables/password  
 Sat Oct 21 2017 16:38:03 GMT+0800 (PHT)
[debug] [2017-10-21T08:38:03.369Z] >>> HTTP REQUEST GET https://runtimeconfig.googleapis.com/v1beta1/projects/ebookwebappfirestore/configs/gmail/variables/email  
 Sat Oct 21 2017 16:38:03 GMT+0800 (PHT)
[debug] [2017-10-21T08:38:03.830Z] <<< HTTP RESPONSE 200
[debug] [2017-10-21T08:38:04.884Z] <<< HTTP RESPONSE 200
[info] i  functions: packaged functions (27.35 KB) for uploading
[debug] [2017-10-21T08:38:06.119Z] >>> HTTP REQUEST GET https://www.googleapis.com/storage/v1/b/staging.ebookwebappfirestore.appspot.com  
 Sat Oct 21 2017 16:38:06 GMT+0800 (PHT)
[debug] [2017-10-21T08:38:06.810Z] <<< HTTP RESPONSE 200
[debug] [2017-10-21T08:38:06.812Z] >>> HTTP REQUEST POST https://www.googleapis.com/upload/storage/v1/b/staging.ebookwebappfirestore.appspot.com/o?uploadType=media&name=firebase-functions-source ReadStream {
  _readableState: 
   ReadableState {
     objectMode: false,
     highWaterMark: 65536,
     buffer: BufferList { head: [Object], tail: [Object], length: 1 },
     length: 28007,
     pipes: null,
     pipesCount: 0,
     flowing: null,
     ended: true,
     endEmitted: false,
     reading: false,
     sync: false,
     needReadable: false,
     emittedReadable: true,
     readableListening: false,
     resumeScheduled: false,
     destroyed: false,
     defaultEncoding: 'utf8',
     awaitDrain: 0,
     readingMore: false,
     decoder: null,
     encoding: null },
  readable: true,
  domain: null,
  _events: { end: [Function] },
  _eventsCount: 1,
  _maxListeners: undefined,
  path: '/tmp/firebase-functions-28918XsOeu4RV7wB7.zip',
  fd: 15,
  flags: 'r',
  mode: 438,
  start: undefined,
  end: undefined,
  autoClose: true,
  pos: undefined,
  bytesRead: 28007 } 
 Sat Oct 21 2017 16:38:06 GMT+0800 (PHT)
[debug] [2017-10-21T08:38:07.605Z] <<< HTTP RESPONSE 200
[info] ✔  functions: functions folder uploaded successfully
[info] i  starting release process (may take several minutes)...
[debug] [2017-10-21T08:38:07.612Z] >>> HTTP REQUEST GET https://cloudfunctions.googleapis.com/v1beta2/projects/ebookwebappfirestore/locations/us-central1/functions  
 Sat Oct 21 2017 16:38:07 GMT+0800 (PHT)
[debug] [2017-10-21T08:38:08.875Z] <<< HTTP RESPONSE 200
[info] i  functions: creating function deleteFirestoreAuthor...
[debug] [2017-10-21T08:38:08.878Z] Trigger is: 
[info] i  functions: updating function createFirestoreAuthor...
[debug] [2017-10-21T08:38:08.879Z] Trigger is: 
[info] i  functions: updating function createRTDBAuthor...
[debug] [2017-10-21T08:38:08.880Z] Trigger is: 
[debug] [2017-10-21T08:38:08.880Z] >>> HTTP REQUEST POST https://cloudfunctions.googleapis.com/v1beta2/projects/ebookwebappfirestore/locations/us-central1/functions { sourceArchiveUrl: 'gs://staging.ebookwebappfirestore.appspot.com/firebase-functions-source',
  name: 'projects/ebookwebappfirestore/locations/us-central1/functions/deleteFirestoreAuthor',
  entryPoint: 'deleteFirestoreAuthor',
  eventTrigger: 
   { resource: 'projects/ebookwebappfirestore/databases/(default)/documents/authors/{authorId}',
     eventType: 'providers/cloud.firestore/eventTypes/document.delete' } } 
 Sat Oct 21 2017 16:38:08 GMT+0800 (PHT)
[debug] [2017-10-21T08:38:08.880Z] >>> HTTP REQUEST PUT https://cloudfunctions.googleapis.com/v1beta2/projects/ebookwebappfirestore/locations/us-central1/functions/createFirestoreAuthor { sourceArchiveUrl: 'gs://staging.ebookwebappfirestore.appspot.com/firebase-functions-source',
  name: 'projects/ebookwebappfirestore/locations/us-central1/functions/createFirestoreAuthor',
  entryPoint: 'createFirestoreAuthor',
  timeout: '60s',
  availableMemoryMb: 256,
  eventTrigger: 
   { resource: 'projects/ebookwebappfirestore/databases/(default)/documents/authors/{authorId}',
     eventType: 'providers/cloud.firestore/eventTypes/document.create' } } 
 Sat Oct 21 2017 16:38:08 GMT+0800 (PHT)
[debug] [2017-10-21T08:38:08.881Z] >>> HTTP REQUEST PUT https://cloudfunctions.googleapis.com/v1beta2/projects/ebookwebappfirestore/locations/us-central1/functions/createRTDBAuthor { sourceArchiveUrl: 'gs://staging.ebookwebappfirestore.appspot.com/firebase-functions-source',
  name: 'projects/ebookwebappfirestore/locations/us-central1/functions/createRTDBAuthor',
  entryPoint: 'createRTDBAuthor',
  timeout: '60s',
  availableMemoryMb: 256,
  eventTrigger: 
   { resource: 'projects/_/instances/ebookwebappfirestore/refs/authors/{authorId}',
     eventType: 'providers/google.firebase.database/eventTypes/ref.write' } } 
 Sat Oct 21 2017 16:38:08 GMT+0800 (PHT)
[debug] [2017-10-21T08:38:09.391Z] <<< HTTP RESPONSE 200
[debug] [2017-10-21T08:38:09.425Z] <<< HTTP RESPONSE 200
[debug] [2017-10-21T08:38:09.740Z] <<< HTTP RESPONSE 200
[debug] [2017-10-21T08:38:09.744Z] >>> HTTP REQUEST GET https://cloudfunctions.googleapis.com/v1beta2/projects/ebookwebappfirestore/locations/us-central1/functions  
 Sat Oct 21 2017 16:38:09 GMT+0800 (PHT)
[debug] [2017-10-21T08:38:09.746Z] >>> HTTP REQUEST GET https://cloudfunctions.googleapis.com/v1beta2/operations/ZWJvb2t3ZWJhcHBmaXJlc3RvcmUvdXMtY2VudHJhbDEvZGVsZXRlRmlyZXN0b3JlQXV0aG9yL0ViRkpiLVEtTG5n  
 Sat Oct 21 2017 16:38:09 GMT+0800 (PHT)
[debug] [2017-10-21T08:38:09.746Z] >>> HTTP REQUEST GET https://cloudfunctions.googleapis.com/v1beta2/operations/ZWJvb2t3ZWJhcHBmaXJlc3RvcmUvdXMtY2VudHJhbDEvY3JlYXRlRmlyZXN0b3JlQXV0aG9yL0pHcl9seGJ2X1Q4  
 Sat Oct 21 2017 16:38:09 GMT+0800 (PHT)
[debug] [2017-10-21T08:38:09.746Z] >>> HTTP REQUEST GET https://cloudfunctions.googleapis.com/v1beta2/operations/ZWJvb2t3ZWJhcHBmaXJlc3RvcmUvdXMtY2VudHJhbDEvY3JlYXRlUlREQkF1dGhvci9JU1JjMGk3WWxDTQ  
 Sat Oct 21 2017 16:38:09 GMT+0800 (PHT)
[debug] [2017-10-21T08:38:10.214Z] <<< HTTP RESPONSE 200
[debug] [2017-10-21T08:38:10.218Z] <<< HTTP RESPONSE 200
[debug] [2017-10-21T08:38:10.244Z] <<< HTTP RESPONSE 200
[debug] [2017-10-21T08:38:10.371Z] <<< HTTP RESPONSE 200
[debug] [2017-10-21T08:38:10.373Z] [functions] operation poll: deleteFirestoreAuthor: create operations/ZWJvb2t3ZWJhcHBmaXJlc3RvcmUvdXMtY2VudHJhbDEvZGVsZXRlRmlyZXN0b3JlQXV0aG9yL0ViRkpiLVEtTG5n is not done.
[debug] [2017-10-21T08:38:10.373Z] [functions] operation poll: createFirestoreAuthor: update operations/ZWJvb2t3ZWJhcHBmaXJlc3RvcmUvdXMtY2VudHJhbDEvY3JlYXRlRmlyZXN0b3JlQXV0aG9yL0pHcl9seGJ2X1Q4 is not done.
[debug] [2017-10-21T08:38:10.373Z] [functions] operation poll: createRTDBAuthor: update operations/ZWJvb2t3ZWJhcHBmaXJlc3RvcmUvdXMtY2VudHJhbDEvY3JlYXRlUlREQkF1dGhvci9JU1JjMGk3WWxDTQ is not done.
[debug] [2017-10-21T08:38:15.380Z] >>> HTTP REQUEST GET https://cloudfunctions.googleapis.com/v1beta2/operations/ZWJvb2t3ZWJhcHBmaXJlc3RvcmUvdXMtY2VudHJhbDEvZGVsZXRlRmlyZXN0b3JlQXV0aG9yL0ViRkpiLVEtTG5n  
 Sat Oct 21 2017 16:38:15 GMT+0800 (PHT)
[debug] [2017-10-21T08:38:15.382Z] >>> HTTP REQUEST GET https://cloudfunctions.googleapis.com/v1beta2/operations/ZWJvb2t3ZWJhcHBmaXJlc3RvcmUvdXMtY2VudHJhbDEvY3JlYXRlRmlyZXN0b3JlQXV0aG9yL0pHcl9seGJ2X1Q4  
 Sat Oct 21 2017 16:38:15 GMT+0800 (PHT)
[debug] [2017-10-21T08:38:15.382Z] >>> HTTP REQUEST GET https://cloudfunctions.googleapis.com/v1beta2/operations/ZWJvb2t3ZWJhcHBmaXJlc3RvcmUvdXMtY2VudHJhbDEvY3JlYXRlUlREQkF1dGhvci9JU1JjMGk3WWxDTQ  
 Sat Oct 21 2017 16:38:15 GMT+0800 (PHT)
[debug] [2017-10-21T08:38:15.838Z] <<< HTTP RESPONSE 200
[debug] [2017-10-21T08:38:15.851Z] <<< HTTP RESPONSE 200
[debug] [2017-10-21T08:38:15.863Z] <<< HTTP RESPONSE 200
[debug] [2017-10-21T08:38:15.864Z] [functions] operation poll: deleteFirestoreAuthor: create operations/ZWJvb2t3ZWJhcHBmaXJlc3RvcmUvdXMtY2VudHJhbDEvZGVsZXRlRmlyZXN0b3JlQXV0aG9yL0ViRkpiLVEtTG5n is not done.
[debug] [2017-10-21T08:38:15.864Z] [functions] operation poll: createFirestoreAuthor: update operations/ZWJvb2t3ZWJhcHBmaXJlc3RvcmUvdXMtY2VudHJhbDEvY3JlYXRlRmlyZXN0b3JlQXV0aG9yL0pHcl9seGJ2X1Q4 is not done.
[debug] [2017-10-21T08:38:15.864Z] [functions] operation poll: createRTDBAuthor: update operations/ZWJvb2t3ZWJhcHBmaXJlc3RvcmUvdXMtY2VudHJhbDEvY3JlYXRlUlREQkF1dGhvci9JU1JjMGk3WWxDTQ is not done.
[debug] [2017-10-21T08:38:20.866Z] >>> HTTP REQUEST GET https://cloudfunctions.googleapis.com/v1beta2/operations/ZWJvb2t3ZWJhcHBmaXJlc3RvcmUvdXMtY2VudHJhbDEvZGVsZXRlRmlyZXN0b3JlQXV0aG9yL0ViRkpiLVEtTG5n  
 Sat Oct 21 2017 16:38:20 GMT+0800 (PHT)
[debug] [2017-10-21T08:38:20.866Z] >>> HTTP REQUEST GET https://cloudfunctions.googleapis.com/v1beta2/operations/ZWJvb2t3ZWJhcHBmaXJlc3RvcmUvdXMtY2VudHJhbDEvY3JlYXRlRmlyZXN0b3JlQXV0aG9yL0pHcl9seGJ2X1Q4  
 Sat Oct 21 2017 16:38:20 GMT+0800 (PHT)
[debug] [2017-10-21T08:38:20.868Z] >>> HTTP REQUEST GET https://cloudfunctions.googleapis.com/v1beta2/operations/ZWJvb2t3ZWJhcHBmaXJlc3RvcmUvdXMtY2VudHJhbDEvY3JlYXRlUlREQkF1dGhvci9JU1JjMGk3WWxDTQ  
 Sat Oct 21 2017 16:38:20 GMT+0800 (PHT)
[debug] [2017-10-21T08:38:21.339Z] <<< HTTP RESPONSE 200
[debug] [2017-10-21T08:38:21.340Z] <<< HTTP RESPONSE 200
[debug] [2017-10-21T08:38:21.387Z] <<< HTTP RESPONSE 200
[debug] [2017-10-21T08:38:21.388Z] [functions] operation poll: deleteFirestoreAuthor: create operations/ZWJvb2t3ZWJhcHBmaXJlc3RvcmUvdXMtY2VudHJhbDEvZGVsZXRlRmlyZXN0b3JlQXV0aG9yL0ViRkpiLVEtTG5n is not done.
[debug] [2017-10-21T08:38:21.388Z] [functions] operation poll: createFirestoreAuthor: update operations/ZWJvb2t3ZWJhcHBmaXJlc3RvcmUvdXMtY2VudHJhbDEvY3JlYXRlRmlyZXN0b3JlQXV0aG9yL0pHcl9seGJ2X1Q4 is not done.
[debug] [2017-10-21T08:38:21.388Z] [functions] operation poll: createRTDBAuthor: update operations/ZWJvb2t3ZWJhcHBmaXJlc3RvcmUvdXMtY2VudHJhbDEvY3JlYXRlUlREQkF1dGhvci9JU1JjMGk3WWxDTQ is not done.
[debug] [2017-10-21T08:38:26.390Z] >>> HTTP REQUEST GET https://cloudfunctions.googleapis.com/v1beta2/operations/ZWJvb2t3ZWJhcHBmaXJlc3RvcmUvdXMtY2VudHJhbDEvZGVsZXRlRmlyZXN0b3JlQXV0aG9yL0ViRkpiLVEtTG5n  
 Sat Oct 21 2017 16:38:26 GMT+0800 (PHT)
[debug] [2017-10-21T08:38:26.391Z] >>> HTTP REQUEST GET https://cloudfunctions.googleapis.com/v1beta2/operations/ZWJvb2t3ZWJhcHBmaXJlc3RvcmUvdXMtY2VudHJhbDEvY3JlYXRlRmlyZXN0b3JlQXV0aG9yL0pHcl9seGJ2X1Q4  
 Sat Oct 21 2017 16:38:26 GMT+0800 (PHT)
[debug] [2017-10-21T08:38:26.392Z] >>> HTTP REQUEST GET https://cloudfunctions.googleapis.com/v1beta2/operations/ZWJvb2t3ZWJhcHBmaXJlc3RvcmUvdXMtY2VudHJhbDEvY3JlYXRlUlREQkF1dGhvci9JU1JjMGk3WWxDTQ  
 Sat Oct 21 2017 16:38:26 GMT+0800 (PHT)
[debug] [2017-10-21T08:38:26.871Z] <<< HTTP RESPONSE 200
[debug] [2017-10-21T08:38:27.196Z] <<< HTTP RESPONSE 200
[debug] [2017-10-21T08:38:27.230Z] <<< HTTP RESPONSE 200
[debug] [2017-10-21T08:38:27.239Z] [functions] operation poll: deleteFirestoreAuthor: create operations/ZWJvb2t3ZWJhcHBmaXJlc3RvcmUvdXMtY2VudHJhbDEvZGVsZXRlRmlyZXN0b3JlQXV0aG9yL0ViRkpiLVEtTG5n is not done.
[debug] [2017-10-21T08:38:27.239Z] [functions] operation poll: createFirestoreAuthor: update operations/ZWJvb2t3ZWJhcHBmaXJlc3RvcmUvdXMtY2VudHJhbDEvY3JlYXRlRmlyZXN0b3JlQXV0aG9yL0pHcl9seGJ2X1Q4 is not done.
[debug] [2017-10-21T08:38:27.239Z] [functions] operation poll: createRTDBAuthor: update operations/ZWJvb2t3ZWJhcHBmaXJlc3RvcmUvdXMtY2VudHJhbDEvY3JlYXRlUlREQkF1dGhvci9JU1JjMGk3WWxDTQ is done.
[debug] [2017-10-21T08:38:32.244Z] >>> HTTP REQUEST GET https://cloudfunctions.googleapis.com/v1beta2/operations/ZWJvb2t3ZWJhcHBmaXJlc3RvcmUvdXMtY2VudHJhbDEvZGVsZXRlRmlyZXN0b3JlQXV0aG9yL0ViRkpiLVEtTG5n  
 Sat Oct 21 2017 16:38:32 GMT+0800 (PHT)
[debug] [2017-10-21T08:38:32.246Z] >>> HTTP REQUEST GET https://cloudfunctions.googleapis.com/v1beta2/operations/ZWJvb2t3ZWJhcHBmaXJlc3RvcmUvdXMtY2VudHJhbDEvY3JlYXRlRmlyZXN0b3JlQXV0aG9yL0pHcl9seGJ2X1Q4  
 Sat Oct 21 2017 16:38:32 GMT+0800 (PHT)
[debug] [2017-10-21T08:38:32.700Z] <<< HTTP RESPONSE 200
[debug] [2017-10-21T08:38:32.715Z] <<< HTTP RESPONSE 200
[debug] [2017-10-21T08:38:32.717Z] [functions] operation poll: deleteFirestoreAuthor: create operations/ZWJvb2t3ZWJhcHBmaXJlc3RvcmUvdXMtY2VudHJhbDEvZGVsZXRlRmlyZXN0b3JlQXV0aG9yL0ViRkpiLVEtTG5n is done.
[debug] [2017-10-21T08:38:32.717Z] [functions] operation poll: createFirestoreAuthor: update operations/ZWJvb2t3ZWJhcHBmaXJlc3RvcmUvdXMtY2VudHJhbDEvY3JlYXRlRmlyZXN0b3JlQXV0aG9yL0pHcl9seGJ2X1Q4 is done.
[info] ✔  functions[deleteFirestoreAuthor]: Successful create operation. 
[info] ✔  functions[createFirestoreAuthor]: Successful update operation. 
[info] ✔  functions[createRTDBAuthor]: Successful update operation. 
[info] ✔  functions: all functions deployed successfully!
[info] 
[info] ✔  Deploy complete!
[info] 
[info] Project Console: https://console.firebase.google.com/project/ebookwebappfirestore/overview
